<?xml version="1.0" encoding="UTF-8"?>
<testng-results ignored="0" total="14" passed="12" failed="2" skipped="0">
  <reporter-output>
  </reporter-output>
  <suite started-at="2021-03-26T12:55:53 MSK" name="Regression test suite" finished-at="2021-03-26T12:55:53 MSK" duration-ms="159">
    <groups>
      <group name="failed">
        <method signature="MultOperationTest.multDoubleValuesTest(double,double)[pri:0, instance:hw1.arithmetic.MultOperationTest@2e55dd0c]" name="multDoubleValuesTest" class="hw1.arithmetic.MultOperationTest"/>
        <method signature="DivOperationTest.divByZeroForDoubleValuesTest()[pri:0, instance:hw1.arithmetic.DivOperationTest@66498326]" name="divByZeroForDoubleValuesTest" class="hw1.arithmetic.DivOperationTest"/>
      </group> <!-- failed -->
    </groups>
    <test started-at="2021-03-26T12:55:53 MSK" name="Sum tests" finished-at="2021-03-26T12:55:53 MSK" duration-ms="74">
      <class name="hw1.arithmetic.SumOperationTest">
        <test-method is-config="true" signature="setUp()[pri:0, instance:hw1.arithmetic.SumOperationTest@f381794]" started-at="2021-03-26T12:55:53 MSK" name="setUp" finished-at="2021-03-26T12:55:53 MSK" duration-ms="12" status="PASS">
          <reporter-output>
          </reporter-output>
        </test-method> <!-- setUp -->
        <test-method signature="sumDoubleValuesTest(double,double)[pri:0, instance:hw1.arithmetic.SumOperationTest@f381794]" started-at="2021-03-26T12:55:53 MSK" name="sumDoubleValuesTest" data-provider="doubleValuesForSumOrSub" finished-at="2021-03-26T12:55:53 MSK" duration-ms="4" status="PASS">
          <params>
            <param index="0">
              <value>
                <![CDATA[1.9459492560311125E307]]>
              </value>
            </param>
            <param index="1">
              <value>
                <![CDATA[7.752265408975291E307]]>
              </value>
            </param>
          </params>
          <reporter-output>
          </reporter-output>
        </test-method> <!-- sumDoubleValuesTest -->
        <test-method signature="sumDoubleValuesTest(double,double)[pri:0, instance:hw1.arithmetic.SumOperationTest@f381794]" started-at="2021-03-26T12:55:53 MSK" name="sumDoubleValuesTest" data-provider="doubleValuesForSumOrSub" finished-at="2021-03-26T12:55:53 MSK" duration-ms="0" status="PASS">
          <params>
            <param index="0">
              <value>
                <![CDATA[1.23]]>
              </value>
            </param>
            <param index="1">
              <value>
                <![CDATA[3.45]]>
              </value>
            </param>
          </params>
          <reporter-output>
          </reporter-output>
        </test-method> <!-- sumDoubleValuesTest -->
        <test-method signature="sumLongValuesTest(long,long)[pri:0, instance:hw1.arithmetic.SumOperationTest@f381794]" started-at="2021-03-26T12:55:53 MSK" name="sumLongValuesTest" data-provider="longValuesForSumOrSub" finished-at="2021-03-26T12:55:53 MSK" duration-ms="0" status="PASS">
          <params>
            <param index="0">
              <value>
                <![CDATA[2688684525119194451]]>
              </value>
            </param>
            <param index="1">
              <value>
                <![CDATA[3054150463328436142]]>
              </value>
            </param>
          </params>
          <reporter-output>
          </reporter-output>
        </test-method> <!-- sumLongValuesTest -->
        <test-method is-config="true" signature="tearDown()[pri:0, instance:hw1.arithmetic.SumOperationTest@f381794]" started-at="2021-03-26T12:55:53 MSK" name="tearDown" finished-at="2021-03-26T12:55:53 MSK" duration-ms="0" status="PASS">
          <reporter-output>
          </reporter-output>
        </test-method> <!-- tearDown -->
      </class> <!-- hw1.arithmetic.SumOperationTest -->
    </test> <!-- Sum tests -->
    <test started-at="2021-03-26T12:55:53 MSK" name="Sub tests" finished-at="2021-03-26T12:55:53 MSK" duration-ms="4">
      <class name="hw1.arithmetic.SubOperationTest">
        <test-method is-config="true" signature="setUp()[pri:0, instance:hw1.arithmetic.SubOperationTest@3e6ef8ad]" started-at="2021-03-26T12:55:53 MSK" name="setUp" finished-at="2021-03-26T12:55:53 MSK" duration-ms="1" status="PASS">
          <reporter-output>
          </reporter-output>
        </test-method> <!-- setUp -->
        <test-method signature="sumDoubleValuesTest(double,double)[pri:0, instance:hw1.arithmetic.SubOperationTest@3e6ef8ad]" started-at="2021-03-26T12:55:53 MSK" name="sumDoubleValuesTest" data-provider="doubleValuesForSumOrSub" finished-at="2021-03-26T12:55:53 MSK" duration-ms="1" status="PASS">
          <params>
            <param index="0">
              <value>
                <![CDATA[3.935083186914386E307]]>
              </value>
            </param>
            <param index="1">
              <value>
                <![CDATA[8.70816547437295E307]]>
              </value>
            </param>
          </params>
          <reporter-output>
          </reporter-output>
        </test-method> <!-- sumDoubleValuesTest -->
        <test-method signature="sumDoubleValuesTest(double,double)[pri:0, instance:hw1.arithmetic.SubOperationTest@3e6ef8ad]" started-at="2021-03-26T12:55:53 MSK" name="sumDoubleValuesTest" data-provider="doubleValuesForSumOrSub" finished-at="2021-03-26T12:55:53 MSK" duration-ms="0" status="PASS">
          <params>
            <param index="0">
              <value>
                <![CDATA[1.23]]>
              </value>
            </param>
            <param index="1">
              <value>
                <![CDATA[3.45]]>
              </value>
            </param>
          </params>
          <reporter-output>
          </reporter-output>
        </test-method> <!-- sumDoubleValuesTest -->
        <test-method signature="sumLongValuesTest(long,long)[pri:0, instance:hw1.arithmetic.SubOperationTest@3e6ef8ad]" started-at="2021-03-26T12:55:53 MSK" name="sumLongValuesTest" data-provider="longValuesForSumOrSub" finished-at="2021-03-26T12:55:53 MSK" duration-ms="0" status="PASS">
          <params>
            <param index="0">
              <value>
                <![CDATA[4093533715620385675]]>
              </value>
            </param>
            <param index="1">
              <value>
                <![CDATA[1943954211575181171]]>
              </value>
            </param>
          </params>
          <reporter-output>
          </reporter-output>
        </test-method> <!-- sumLongValuesTest -->
        <test-method is-config="true" signature="tearDown()[pri:0, instance:hw1.arithmetic.SubOperationTest@3e6ef8ad]" started-at="2021-03-26T12:55:53 MSK" name="tearDown" finished-at="2021-03-26T12:55:53 MSK" duration-ms="0" status="PASS">
          <reporter-output>
          </reporter-output>
        </test-method> <!-- tearDown -->
      </class> <!-- hw1.arithmetic.SubOperationTest -->
    </test> <!-- Sub tests -->
    <test started-at="2021-03-26T12:55:53 MSK" name="Mult tests" finished-at="2021-03-26T12:55:53 MSK" duration-ms="9">
      <class name="hw1.arithmetic.MultOperationTest">
        <test-method is-config="true" signature="setUp()[pri:0, instance:hw1.arithmetic.MultOperationTest@2e55dd0c]" started-at="2021-03-26T12:55:53 MSK" name="setUp" finished-at="2021-03-26T12:55:53 MSK" duration-ms="0" status="PASS">
          <reporter-output>
          </reporter-output>
        </test-method> <!-- setUp -->
        <test-method signature="multDoubleValuesTest(double,double)[pri:0, instance:hw1.arithmetic.MultOperationTest@2e55dd0c]" started-at="2021-03-26T12:55:53 MSK" name="multDoubleValuesTest" data-provider="doubleValuesForMult" finished-at="2021-03-26T12:55:53 MSK" duration-ms="0" status="PASS">
          <params>
            <param index="0">
              <value>
                <![CDATA[0.3068961271053483]]>
              </value>
            </param>
            <param index="1">
              <value>
                <![CDATA[1.7976931348623157E308]]>
              </value>
            </param>
          </params>
          <reporter-output>
          </reporter-output>
        </test-method> <!-- multDoubleValuesTest -->
        <test-method signature="multDoubleValuesTest(double,double)[pri:0, instance:hw1.arithmetic.MultOperationTest@2e55dd0c]" started-at="2021-03-26T12:55:53 MSK" name="multDoubleValuesTest" data-provider="doubleValuesForMult" finished-at="2021-03-26T12:55:53 MSK" duration-ms="1" status="FAIL">
          <params>
            <param index="0">
              <value>
                <![CDATA[1.23]]>
              </value>
            </param>
            <param index="1">
              <value>
                <![CDATA[3.45]]>
              </value>
            </param>
          </params>
          <exception class="java.lang.AssertionError">
            <message>
              <![CDATA[expected [4.2435] but found [4.0]]]>
            </message>
            <full-stacktrace>
              <![CDATA[java.lang.AssertionError: expected [4.2435] but found [4.0]
at org.testng.Assert.fail(Assert.java:99)
at org.testng.Assert.failNotEquals(Assert.java:1037)
at org.testng.Assert.assertEquals(Assert.java:671)
at org.testng.Assert.assertEquals(Assert.java:684)
at hw1.arithmetic.MultOperationTest.multDoubleValuesTest(MultOperationTest.java:25)
at java.base/jdk.internal.reflect.NativeMethodAccessorImpl.invoke0(Native Method)
at java.base/jdk.internal.reflect.NativeMethodAccessorImpl.invoke(NativeMethodAccessorImpl.java:62)
at java.base/jdk.internal.reflect.DelegatingMethodAccessorImpl.invoke(DelegatingMethodAccessorImpl.java:43)
at java.base/java.lang.reflect.Method.invoke(Method.java:566)
at org.testng.internal.MethodInvocationHelper.invokeMethod(MethodInvocationHelper.java:133)
at org.testng.internal.TestInvoker.invokeMethod(TestInvoker.java:598)
at org.testng.internal.TestInvoker.invokeTestMethod(TestInvoker.java:173)
at org.testng.internal.MethodRunner.runInSequence(MethodRunner.java:46)
at org.testng.internal.TestInvoker$MethodInvocationAgent.invoke(TestInvoker.java:824)
at org.testng.internal.TestInvoker.invokeTestMethods(TestInvoker.java:146)
at org.testng.internal.TestMethodWorker.invokeTestMethods(TestMethodWorker.java:146)
at org.testng.internal.TestMethodWorker.run(TestMethodWorker.java:128)
at java.base/java.util.ArrayList.forEach(ArrayList.java:1540)
at org.testng.TestRunner.privateRun(TestRunner.java:794)
at org.testng.TestRunner.run(TestRunner.java:596)
at org.testng.SuiteRunner.runTest(SuiteRunner.java:377)
at org.testng.SuiteRunner.runSequentially(SuiteRunner.java:371)
at org.testng.SuiteRunner.privateRun(SuiteRunner.java:332)
at org.testng.SuiteRunner.run(SuiteRunner.java:276)
at org.testng.SuiteRunnerWorker.runSuite(SuiteRunnerWorker.java:53)
at org.testng.SuiteRunnerWorker.run(SuiteRunnerWorker.java:96)
at org.testng.TestNG.runSuitesSequentially(TestNG.java:1212)
at org.testng.TestNG.runSuitesLocally(TestNG.java:1134)
at org.testng.TestNG.runSuites(TestNG.java:1063)
at org.testng.TestNG.run(TestNG.java:1031)
at org.apache.maven.surefire.testng.TestNGExecutor.run(TestNGExecutor.java:284)
at org.apache.maven.surefire.testng.TestNGXmlTestSuite.execute(TestNGXmlTestSuite.java:75)
at org.apache.maven.surefire.testng.TestNGProvider.invoke(TestNGProvider.java:119)
at org.apache.maven.surefire.booter.ForkedBooter.runSuitesInProcess(ForkedBooter.java:428)
at org.apache.maven.surefire.booter.ForkedBooter.execute(ForkedBooter.java:162)
at org.apache.maven.surefire.booter.ForkedBooter.run(ForkedBooter.java:562)
at org.apache.maven.surefire.booter.ForkedBooter.main(ForkedBooter.java:548)
]]>
            </full-stacktrace>
          </exception> <!-- java.lang.AssertionError -->
          <reporter-output>
          </reporter-output>
        </test-method> <!-- multDoubleValuesTest -->
        <test-method signature="multLongValuesTest(long,long)[pri:0, instance:hw1.arithmetic.MultOperationTest@2e55dd0c]" started-at="2021-03-26T12:55:53 MSK" name="multLongValuesTest" data-provider="longValuesForMult" finished-at="2021-03-26T12:55:53 MSK" duration-ms="1" status="PASS">
          <params>
            <param index="0">
              <value>
                <![CDATA[5046503101286734565]]>
              </value>
            </param>
            <param index="1">
              <value>
                <![CDATA[0]]>
              </value>
            </param>
          </params>
          <reporter-output>
          </reporter-output>
        </test-method> <!-- multLongValuesTest -->
        <test-method is-config="true" signature="tearDown()[pri:0, instance:hw1.arithmetic.MultOperationTest@2e55dd0c]" started-at="2021-03-26T12:55:53 MSK" name="tearDown" finished-at="2021-03-26T12:55:53 MSK" duration-ms="0" status="PASS">
          <reporter-output>
          </reporter-output>
        </test-method> <!-- tearDown -->
      </class> <!-- hw1.arithmetic.MultOperationTest -->
    </test> <!-- Mult tests -->
    <test started-at="2021-03-26T12:55:53 MSK" name="div tests" finished-at="2021-03-26T12:55:53 MSK" duration-ms="9">
      <class name="hw1.arithmetic.DivOperationTest">
        <test-method is-config="true" signature="setUp()[pri:0, instance:hw1.arithmetic.DivOperationTest@66498326]" started-at="2021-03-26T12:55:53 MSK" name="setUp" finished-at="2021-03-26T12:55:53 MSK" duration-ms="0" status="PASS">
          <reporter-output>
          </reporter-output>
        </test-method> <!-- setUp -->
        <test-method signature="divByZeroForDoubleValuesTest()[pri:0, instance:hw1.arithmetic.DivOperationTest@66498326]" started-at="2021-03-26T12:55:53 MSK" name="divByZeroForDoubleValuesTest" finished-at="2021-03-26T12:55:53 MSK" duration-ms="2" status="FAIL">
          <exception class="java.lang.AssertionError">
            <message>
              <![CDATA[Expected Throwable to be thrown, but nothing was thrown]]>
            </message>
            <full-stacktrace>
              <![CDATA[java.lang.AssertionError: Expected Throwable to be thrown, but nothing was thrown
at org.testng.Assert.expectThrows(Assert.java:1730)
at org.testng.Assert.assertThrows(Assert.java:1695)
at org.testng.Assert.assertThrows(Assert.java:1678)
at hw1.arithmetic.DivOperationTest.divByZeroForDoubleValuesTest(DivOperationTest.java:19)
at java.base/jdk.internal.reflect.NativeMethodAccessorImpl.invoke0(Native Method)
at java.base/jdk.internal.reflect.NativeMethodAccessorImpl.invoke(NativeMethodAccessorImpl.java:62)
at java.base/jdk.internal.reflect.DelegatingMethodAccessorImpl.invoke(DelegatingMethodAccessorImpl.java:43)
at java.base/java.lang.reflect.Method.invoke(Method.java:566)
at org.testng.internal.MethodInvocationHelper.invokeMethod(MethodInvocationHelper.java:133)
at org.testng.internal.TestInvoker.invokeMethod(TestInvoker.java:598)
at org.testng.internal.TestInvoker.invokeTestMethod(TestInvoker.java:173)
at org.testng.internal.MethodRunner.runInSequence(MethodRunner.java:46)
at org.testng.internal.TestInvoker$MethodInvocationAgent.invoke(TestInvoker.java:824)
at org.testng.internal.TestInvoker.invokeTestMethods(TestInvoker.java:146)
at org.testng.internal.TestMethodWorker.invokeTestMethods(TestMethodWorker.java:146)
at org.testng.internal.TestMethodWorker.run(TestMethodWorker.java:128)
at java.base/java.util.ArrayList.forEach(ArrayList.java:1540)
at org.testng.TestRunner.privateRun(TestRunner.java:794)
at org.testng.TestRunner.run(TestRunner.java:596)
at org.testng.SuiteRunner.runTest(SuiteRunner.java:377)
at org.testng.SuiteRunner.runSequentially(SuiteRunner.java:371)
at org.testng.SuiteRunner.privateRun(SuiteRunner.java:332)
at org.testng.SuiteRunner.run(SuiteRunner.java:276)
at org.testng.SuiteRunnerWorker.runSuite(SuiteRunnerWorker.java:53)
at org.testng.SuiteRunnerWorker.run(SuiteRunnerWorker.java:96)
at org.testng.TestNG.runSuitesSequentially(TestNG.java:1212)
at org.testng.TestNG.runSuitesLocally(TestNG.java:1134)
at org.testng.TestNG.runSuites(TestNG.java:1063)
at org.testng.TestNG.run(TestNG.java:1031)
at org.apache.maven.surefire.testng.TestNGExecutor.run(TestNGExecutor.java:284)
at org.apache.maven.surefire.testng.TestNGXmlTestSuite.execute(TestNGXmlTestSuite.java:75)
at org.apache.maven.surefire.testng.TestNGProvider.invoke(TestNGProvider.java:119)
at org.apache.maven.surefire.booter.ForkedBooter.runSuitesInProcess(ForkedBooter.java:428)
at org.apache.maven.surefire.booter.ForkedBooter.execute(ForkedBooter.java:162)
at org.apache.maven.surefire.booter.ForkedBooter.run(ForkedBooter.java:562)
at org.apache.maven.surefire.booter.ForkedBooter.main(ForkedBooter.java:548)
]]>
            </full-stacktrace>
          </exception> <!-- java.lang.AssertionError -->
          <reporter-output>
          </reporter-output>
        </test-method> <!-- divByZeroForDoubleValuesTest -->
        <test-method signature="divByZeroForLongValuesTest()[pri:0, instance:hw1.arithmetic.DivOperationTest@66498326]" started-at="2021-03-26T12:55:53 MSK" name="divByZeroForLongValuesTest" finished-at="2021-03-26T12:55:53 MSK" duration-ms="0" status="PASS">
          <reporter-output>
          </reporter-output>
        </test-method> <!-- divByZeroForLongValuesTest -->
        <test-method signature="divDoubleValuesTest(double,double)[pri:0, instance:hw1.arithmetic.DivOperationTest@66498326]" started-at="2021-03-26T12:55:53 MSK" name="divDoubleValuesTest" data-provider="doubleValuesForDiv" finished-at="2021-03-26T12:55:53 MSK" duration-ms="1" status="PASS">
          <params>
            <param index="0">
              <value>
                <![CDATA[0.9833089970561824]]>
              </value>
            </param>
            <param index="1">
              <value>
                <![CDATA[5.275718289990047E307]]>
              </value>
            </param>
          </params>
          <reporter-output>
          </reporter-output>
        </test-method> <!-- divDoubleValuesTest -->
        <test-method signature="divDoubleValuesTest(double,double)[pri:0, instance:hw1.arithmetic.DivOperationTest@66498326]" started-at="2021-03-26T12:55:53 MSK" name="divDoubleValuesTest" data-provider="doubleValuesForDiv" finished-at="2021-03-26T12:55:53 MSK" duration-ms="1" status="PASS">
          <params>
            <param index="0">
              <value>
                <![CDATA[1.23]]>
              </value>
            </param>
            <param index="1">
              <value>
                <![CDATA[3.45]]>
              </value>
            </param>
          </params>
          <reporter-output>
          </reporter-output>
        </test-method> <!-- divDoubleValuesTest -->
        <test-method signature="divLongValuesTest(long,long)[pri:0, instance:hw1.arithmetic.DivOperationTest@66498326]" started-at="2021-03-26T12:55:53 MSK" name="divLongValuesTest" data-provider="longValuesForDiv" finished-at="2021-03-26T12:55:53 MSK" duration-ms="1" status="PASS">
          <params>
            <param index="0">
              <value>
                <![CDATA[4532321499626064221]]>
              </value>
            </param>
            <param index="1">
              <value>
                <![CDATA[8874282346471375585]]>
              </value>
            </param>
          </params>
          <reporter-output>
          </reporter-output>
        </test-method> <!-- divLongValuesTest -->
        <test-method is-config="true" signature="tearDown()[pri:0, instance:hw1.arithmetic.DivOperationTest@66498326]" started-at="2021-03-26T12:55:53 MSK" name="tearDown" finished-at="2021-03-26T12:55:53 MSK" duration-ms="0" status="PASS">
          <reporter-output>
          </reporter-output>
        </test-method> <!-- tearDown -->
      </class> <!-- hw1.arithmetic.DivOperationTest -->
    </test> <!-- div tests -->
  </suite> <!-- Regression test suite -->
</testng-results>
