<?xml version="1.0" encoding="UTF-8"?>
<!-- Generated by org.testng.reporters.JUnitXMLReporter -->
<testsuite ignored="0" hostname="DESKTOP-4J1ULF8" failures="1" tests="3" name="Mult tests" time="0.009" errors="0" timestamp="2021-03-26T12:55:53 MSK">
  <testcase classname="hw1.arithmetic.MultOperationTest" name="multDoubleValuesTest" time="0.0"/>
  <testcase classname="hw1.arithmetic.MultOperationTest" name="multDoubleValuesTest" time="0.001">
    <failure type="java.lang.AssertionError" message="expected [4.2435] but found [4.0]">
      <![CDATA[java.lang.AssertionError: expected [4.2435] but found [4.0]
at hw1.arithmetic.MultOperationTest.multDoubleValuesTest(MultOperationTest.java:25)
at java.base/java.util.ArrayList.forEach(ArrayList.java:1540)
... Removed 35 stack frames]]>
    </failure>
  </testcase> <!-- multDoubleValuesTest -->
  <testcase classname="hw1.arithmetic.MultOperationTest" name="multLongValuesTest" time="0.001"/>
</testsuite> <!-- Mult tests -->
